<?xml version="1.0" encoding="UTF-8"?>
<!-- Generated by org.testng.reporters.JUnitXMLReporter -->
<testsuite ignored="0" hostname="LAPTOP-SELGG101" failures="0" tests="6" name="Test" time="34.71" errors="0" timestamp="2024-12-29T20:20:04 IST">
  <testcase classname="tests.AdminTest" name="testLeftMenuOptionsCountAndClickAdmin" time="2.519"/>
  <testcase classname="tests.AdminTest" name="testSearchByUserName" time="2.364"/>
  <testcase classname="tests.AdminTest" name="testSearchByUserRole" time="2.396"/>
  <testcase classname="tests.AdminTest" name="testSearchByUserStatus" time="2.792"/>
  <testcase classname="tests.LoginTest" name="testSecondScenario" time="0.002"/>
  <testcase classname="tests.LoginTest" name="testValidLogin" time="0.982"/>
</testsuite> <!-- Test -->
