<?xml version="1.0" encoding="UTF-8"?>
<testng-results ignored="0" total="6" passed="6" failed="0" skipped="0">
  <reporter-output>
  </reporter-output>
  <suite started-at="2024-12-29T20:19:29 IST" name="Suite" finished-at="2024-12-29T20:20:04 IST" duration-ms="34710">
    <groups>
    </groups>
    <test started-at="2024-12-29T20:19:29 IST" name="Test" finished-at="2024-12-29T20:20:04 IST" duration-ms="34710">
      <class name="tests.LoginTest">
        <test-method is-config="true" signature="setUp()[pri:0, instance:tests.LoginTest@3feb2dda]" started-at="2024-12-29T20:19:53 IST" name="setUp" finished-at="2024-12-29T20:20:01 IST" duration-ms="7909" status="PASS">
          <reporter-output>
          </reporter-output>
        </test-method> <!-- setUp -->
        <test-method is-config="true" signature="refreshPage()[pri:0, instance:tests.LoginTest@3feb2dda]" started-at="2024-12-29T20:20:01 IST" name="refreshPage" finished-at="2024-12-29T20:20:02 IST" duration-ms="662" status="PASS">
          <reporter-output>
          </reporter-output>
        </test-method> <!-- refreshPage -->
        <test-method signature="testSecondScenario()[pri:0, instance:tests.LoginTest@3feb2dda]" started-at="2024-12-29T20:20:02 IST" name="testSecondScenario" finished-at="2024-12-29T20:20:02 IST" duration-ms="2" status="PASS">
          <reporter-output>
          </reporter-output>
        </test-method> <!-- testSecondScenario -->
        <test-method is-config="true" signature="refreshPage()[pri:0, instance:tests.LoginTest@3feb2dda]" started-at="2024-12-29T20:20:02 IST" name="refreshPage" finished-at="2024-12-29T20:20:02 IST" duration-ms="572" status="PASS">
          <reporter-output>
          </reporter-output>
        </test-method> <!-- refreshPage -->
        <test-method is-config="true" signature="tearDownMethod()[pri:0, instance:tests.LoginTest@3feb2dda]" started-at="2024-12-29T20:20:02 IST" name="tearDownMethod" finished-at="2024-12-29T20:20:02 IST" duration-ms="0" status="PASS">
          <reporter-output>
          </reporter-output>
        </test-method> <!-- tearDownMethod -->
        <test-method signature="testValidLogin()[pri:0, instance:tests.LoginTest@3feb2dda]" started-at="2024-12-29T20:20:02 IST" name="testValidLogin" finished-at="2024-12-29T20:20:03 IST" duration-ms="982" status="PASS">
          <reporter-output>
          </reporter-output>
        </test-method> <!-- testValidLogin -->
        <test-method is-config="true" signature="tearDownMethod()[pri:0, instance:tests.LoginTest@3feb2dda]" started-at="2024-12-29T20:20:03 IST" name="tearDownMethod" finished-at="2024-12-29T20:20:03 IST" duration-ms="5" status="PASS">
          <reporter-output>
          </reporter-output>
        </test-method> <!-- tearDownMethod -->
        <test-method is-config="true" signature="tearDown()[pri:0, instance:tests.LoginTest@3feb2dda]" started-at="2024-12-29T20:20:03 IST" name="tearDown" finished-at="2024-12-29T20:20:04 IST" duration-ms="476" status="PASS">
          <reporter-output>
          </reporter-output>
        </test-method> <!-- tearDown -->
      </class> <!-- tests.LoginTest -->
      <class name="tests.AdminTest">
        <test-method is-config="true" signature="setUp()[pri:0, instance:tests.AdminTest@4b8d604b]" started-at="2024-12-29T20:19:29 IST" name="setUp" finished-at="2024-12-29T20:19:41 IST" duration-ms="11730" status="PASS">
          <reporter-output>
          </reporter-output>
        </test-method> <!-- setUp -->
        <test-method is-config="true" signature="refreshPage()[pri:0, instance:tests.AdminTest@4b8d604b]" started-at="2024-12-29T20:19:41 IST" name="refreshPage" finished-at="2024-12-29T20:19:41 IST" duration-ms="431" status="PASS">
          <reporter-output>
          </reporter-output>
        </test-method> <!-- refreshPage -->
        <test-method signature="testLeftMenuOptionsCountAndClickAdmin()[pri:0, instance:tests.AdminTest@4b8d604b]" started-at="2024-12-29T20:19:41 IST" name="testLeftMenuOptionsCountAndClickAdmin" finished-at="2024-12-29T20:19:44 IST" duration-ms="2519" status="PASS">
          <reporter-output>
          </reporter-output>
        </test-method> <!-- testLeftMenuOptionsCountAndClickAdmin -->
        <test-method is-config="true" signature="refreshPage()[pri:0, instance:tests.AdminTest@4b8d604b]" started-at="2024-12-29T20:19:44 IST" name="refreshPage" finished-at="2024-12-29T20:19:44 IST" duration-ms="416" status="PASS">
          <reporter-output>
          </reporter-output>
        </test-method> <!-- refreshPage -->
        <test-method signature="testSearchByUserName()[pri:0, instance:tests.AdminTest@4b8d604b]" started-at="2024-12-29T20:19:44 IST" name="testSearchByUserName" finished-at="2024-12-29T20:19:47 IST" duration-ms="2364" status="PASS">
          <reporter-output>
          </reporter-output>
        </test-method> <!-- testSearchByUserName -->
        <test-method is-config="true" signature="refreshPage()[pri:0, instance:tests.AdminTest@4b8d604b]" started-at="2024-12-29T20:19:47 IST" name="refreshPage" finished-at="2024-12-29T20:19:47 IST" duration-ms="423" status="PASS">
          <reporter-output>
          </reporter-output>
        </test-method> <!-- refreshPage -->
        <test-method signature="testSearchByUserRole()[pri:0, instance:tests.AdminTest@4b8d604b]" started-at="2024-12-29T20:19:47 IST" name="testSearchByUserRole" finished-at="2024-12-29T20:19:49 IST" duration-ms="2396" status="PASS">
          <reporter-output>
          </reporter-output>
        </test-method> <!-- testSearchByUserRole -->
        <test-method is-config="true" signature="refreshPage()[pri:0, instance:tests.AdminTest@4b8d604b]" started-at="2024-12-29T20:19:49 IST" name="refreshPage" finished-at="2024-12-29T20:19:50 IST" duration-ms="457" status="PASS">
          <reporter-output>
          </reporter-output>
        </test-method> <!-- refreshPage -->
        <test-method signature="testSearchByUserStatus()[pri:0, instance:tests.AdminTest@4b8d604b]" started-at="2024-12-29T20:19:50 IST" name="testSearchByUserStatus" finished-at="2024-12-29T20:19:53 IST" duration-ms="2792" status="PASS">
          <reporter-output>
          </reporter-output>
        </test-method> <!-- testSearchByUserStatus -->
        <test-method is-config="true" signature="tearDown()[pri:0, instance:tests.AdminTest@4b8d604b]" started-at="2024-12-29T20:19:53 IST" name="tearDown" finished-at="2024-12-29T20:19:53 IST" duration-ms="504" status="PASS">
          <reporter-output>
          </reporter-output>
        </test-method> <!-- tearDown -->
      </class> <!-- tests.AdminTest -->
    </test> <!-- Test -->
  </suite> <!-- Suite -->
</testng-results>
