<?xml version="1.0" encoding="UTF-8"?>
<!-- Generated by org.testng.reporters.JUnitXMLReporter -->
<testsuite ignored="0" hostname="LAPTOP-SELGG101" failures="0" tests="4" name="Default test" time="61.602" errors="0" timestamp="2024-12-29T20:00:04 IST">
  <testcase classname="tests.AdminTest" name="testLeftMenuOptionsCountAndClickAdmin" time="2.119"/>
  <testcase classname="tests.AdminTest" name="testSearchByUserName" time="2.862"/>
  <testcase classname="tests.AdminTest" name="testSearchByUserRole" time="4.727"/>
  <testcase classname="tests.AdminTest" name="testSearchByUserStatus" time="2.574"/>
</testsuite> <!-- Default test -->
